<?xml version="1.0" encoding="UTF-8"?>
<!-- Generated by org.testng.reporters.JUnitReportReporter -->
<testsuite hostname="SL-LP-DELL-860" failures="0" tests="1" name="com.testng_parameter_test.TestWebMethods" time="19.947" errors="0" timestamp="2024-06-04T12:54:06 IST" skipped="0">
  <testcase classname="com.testng_parameter_test.TestWebMethods" name="LoginTest" time="19.947"/>
</testsuite> <!-- com.testng_parameter_test.TestWebMethods -->
