<?xml version="1.0" encoding="UTF-8"?>
<!-- Generated by org.testng.reporters.JUnitReportReporter -->
<testsuite hostname="SL-LP-DELL-860" failures="0" tests="1" name="com.testng_pack.TestWebMethods" time="15.344" errors="0" timestamp="2024-06-04T11:38:15 IST" skipped="0">
  <testcase classname="com.testng_pack.TestWebMethods" name="testGoogle" time="15.344"/>
</testsuite> <!-- com.testng_pack.TestWebMethods -->
