<?xml version="1.0" encoding="UTF-8"?>
<!-- Generated by org.testng.reporters.JUnitReportReporter -->
<testsuite hostname="SL-LP-DELL-860" failures="0" tests="1" name="com.testng_pack.SampleTest" time="4.571" errors="0" timestamp="2024-06-04T11:38:14 IST" skipped="0">
  <testcase classname="com.testng_pack.SampleTest" name="TestXyz" time="4.571"/>
</testsuite> <!-- com.testng_pack.SampleTest -->
