<?xml version="1.0" encoding="UTF-8"?>
<!-- Generated by org.testng.reporters.JUnitReportReporter -->
<testsuite hostname="SL-LP-DELL-860" failures="0" tests="4" name="com.dataproviders.TestDataProvider" time="65.534" errors="0" timestamp="2024-06-05T10:12:58 IST" skipped="0">
  <testcase classname="com.dataproviders.TestDataProvider" name="LoginCheck" time="16.476"/>
  <testcase classname="com.dataproviders.TestDataProvider" name="LoginCheck" time="16.167"/>
  <testcase classname="com.dataproviders.TestDataProvider" name="LoginCheck" time="18.249"/>
  <testcase classname="com.dataproviders.TestDataProvider" name="LoginCheck" time="14.642"/>
</testsuite> <!-- com.dataproviders.TestDataProvider -->
