<?xml version="1.0" encoding="UTF-8"?>
<!-- Generated by org.testng.reporters.JUnitReportReporter -->
<testsuite hostname="SL-LP-DELL-860" failures="0" tests="3" name="com.dataproviders.parellel.TestParallel" time="0.017" errors="0" timestamp="2024-06-05T12:51:36 IST" skipped="0">
  <testcase classname="com.dataproviders.parellel.TestParallel" name="TestAbc" time="0.003"/>
  <testcase classname="com.dataproviders.parellel.TestParallel" name="TestXyz" time="0.013"/>
  <testcase classname="com.dataproviders.parellel.TestParallel" name="TestPqr" time="0.001"/>
</testsuite> <!-- com.dataproviders.parellel.TestParallel -->
