<?xml version="1.0" encoding="UTF-8"?>
<!-- Generated by org.testng.reporters.JUnitReportReporter -->
<testsuite hostname="SL-LP-DELL-860" failures="0" tests="3" name="com.dataproviders.priorties.TestProrities" time="0.021" errors="0" timestamp="2024-06-05T12:39:02 IST" skipped="0">
  <testcase classname="com.dataproviders.priorties.TestProrities" name="TestXyz" time="0.011"/>
  <testcase classname="com.dataproviders.priorties.TestProrities" name="TestAbc" time="0.005"/>
  <testcase classname="com.dataproviders.priorties.TestProrities" name="TestPqr" time="0.005"/>
</testsuite> <!-- com.dataproviders.priorties.TestProrities -->
